2024-08-12 15:56:17,123 [main] INFO CoverFoxInsurence - opening Browser
2024-08-12 15:56:23,992 [main] INFO CoverFoxInsurence - Click on gender button
2024-08-12 15:56:25,169 [main] INFO CoverFoxInsurence - Click on next button
2024-08-12 15:56:26,386 [main] WARN CoverFoxInsurence - Age shoud be btn 18 to 90
2024-08-12 15:56:26,387 [main] INFO CoverFoxInsurence - Age is selected
2024-08-12 15:56:26,492 [main] INFO CoverFoxInsurence - Click on next button
2024-08-12 15:56:27,629 [main] WARN CoverFoxInsurence - enter valid pin code
2024-08-12 15:56:27,629 [main] INFO CoverFoxInsurence - pincode is selected
2024-08-12 15:56:27,727 [main] WARN CoverFoxInsurence - enter valid moblie no
2024-08-12 15:56:27,727 [main] INFO CoverFoxInsurence - moblile number is selected
2024-08-12 15:56:27,807 [main] INFO CoverFoxInsurence -  click on Continue button
2024-08-12 15:56:29,898 [main] INFO CoverFoxInsurence - validating banners
2024-08-12 15:56:29,944 [main] INFO CoverFoxInsurence - validating presence of sort drop down
2024-08-12 15:56:30,240 [main] INFO CoverFoxInsurence - closing browser
2024-08-12 16:06:13,247 [main] INFO CoverFoxInsurence - opening Browser
2024-08-12 16:06:20,718 [main] INFO CoverFoxInsurence - Click on gender button
2024-08-12 16:06:21,829 [main] INFO CoverFoxInsurence - Click on next button
2024-08-12 16:06:22,978 [main] WARN CoverFoxInsurence - Age shoud be btn 18 to 90
2024-08-12 16:06:22,978 [main] INFO CoverFoxInsurence - Age is selected
2024-08-12 16:06:23,047 [main] INFO CoverFoxInsurence - Click on next button
2024-08-12 16:06:24,218 [main] WARN CoverFoxInsurence - enter valid pin code
2024-08-12 16:06:24,218 [main] INFO CoverFoxInsurence - pincode is selected
2024-08-12 16:06:24,318 [main] WARN CoverFoxInsurence - enter valid moblie no
2024-08-12 16:06:24,318 [main] INFO CoverFoxInsurence - moblile number is selected
2024-08-12 16:06:24,427 [main] INFO CoverFoxInsurence -  click on Continue button
2024-08-12 16:06:26,746 [main] INFO CoverFoxInsurence - validating banners
2024-08-12 16:06:27,050 [main] INFO CoverFoxInsurence - closing browser
2024-08-12 16:09:17,694 [main] INFO CoverFoxInsurence - opening Browser
2024-08-12 16:09:26,501 [main] INFO CoverFoxInsurence - Click on gender button
2024-08-12 16:09:27,729 [main] INFO CoverFoxInsurence - Click on next button
2024-08-12 16:09:29,001 [main] WARN CoverFoxInsurence - Age shoud be btn 18 to 90
2024-08-12 16:09:29,001 [main] INFO CoverFoxInsurence - Age is selected
2024-08-12 16:09:29,071 [main] INFO CoverFoxInsurence - Click on next button
2024-08-12 16:09:30,446 [main] WARN CoverFoxInsurence - enter valid pin code
2024-08-12 16:09:30,446 [main] INFO CoverFoxInsurence - pincode is selected
2024-08-12 16:09:30,597 [main] WARN CoverFoxInsurence - enter valid moblie no
2024-08-12 16:09:30,597 [main] INFO CoverFoxInsurence - moblile number is selected
2024-08-12 16:09:30,727 [main] INFO CoverFoxInsurence -  click on Continue button
2024-08-12 16:09:32,907 [main] INFO CoverFoxInsurence - validating banners
2024-08-12 16:09:33,237 [main] INFO CoverFoxInsurence - closing browser
2024-08-12 16:11:16,589 [main] INFO CoverFoxInsurence - opening Browser
2024-08-12 16:11:23,120 [main] INFO CoverFoxInsurence - Click on gender button
2024-08-12 16:11:24,247 [main] INFO CoverFoxInsurence - Click on next button
2024-08-12 16:11:25,488 [main] WARN CoverFoxInsurence - Age shoud be btn 18 to 90
2024-08-12 16:11:25,488 [main] INFO CoverFoxInsurence - Age is selected
2024-08-12 16:11:25,571 [main] INFO CoverFoxInsurence - Click on next button
2024-08-12 16:11:26,754 [main] WARN CoverFoxInsurence - enter valid pin code
2024-08-12 16:11:26,755 [main] INFO CoverFoxInsurence - pincode is selected
2024-08-12 16:11:26,847 [main] WARN CoverFoxInsurence - enter valid moblie no
2024-08-12 16:11:26,847 [main] INFO CoverFoxInsurence - moblile number is selected
2024-08-12 16:11:26,921 [main] INFO CoverFoxInsurence -  click on Continue button
2024-08-12 16:11:29,078 [main] INFO CoverFoxInsurence - validating banners
2024-08-12 16:11:29,419 [main] INFO CoverFoxInsurence - closing browser
2024-08-12 16:15:41,209 [main] INFO CoverFoxInsurence - opening Browser
2024-08-12 16:15:48,502 [main] INFO CoverFoxInsurence - Click on gender button
2024-08-12 16:15:49,587 [main] INFO CoverFoxInsurence - Click on next button
2024-08-12 16:15:50,803 [main] WARN CoverFoxInsurence - Age shoud be btn 18 to 90
2024-08-12 16:15:50,803 [main] INFO CoverFoxInsurence - Age is selected
2024-08-12 16:15:50,858 [main] INFO CoverFoxInsurence - Click on next button
2024-08-12 16:15:51,981 [main] WARN CoverFoxInsurence - enter valid pin code
2024-08-12 16:15:51,981 [main] INFO CoverFoxInsurence - pincode is selected
2024-08-12 16:15:52,077 [main] WARN CoverFoxInsurence - enter valid moblie no
2024-08-12 16:15:52,082 [main] INFO CoverFoxInsurence - moblile number is selected
2024-08-12 16:15:52,171 [main] INFO CoverFoxInsurence -  click on Continue button
2024-08-12 16:15:54,277 [main] INFO CoverFoxInsurence - validating banners
2024-08-12 16:15:54,672 [main] INFO CoverFoxInsurence - closing browser
2024-08-12 16:18:57,467 [main] INFO CoverFoxInsurence - opening Browser
2024-08-12 16:19:04,573 [main] INFO CoverFoxInsurence - Click on gender button
2024-08-12 16:19:05,657 [main] INFO CoverFoxInsurence - Click on next button
2024-08-12 16:19:06,856 [main] WARN CoverFoxInsurence - Age shoud be btn 18 to 90
2024-08-12 16:19:06,857 [main] INFO CoverFoxInsurence - Age is selected
2024-08-12 16:19:06,913 [main] INFO CoverFoxInsurence - Click on next button
2024-08-12 16:19:08,099 [main] WARN CoverFoxInsurence - enter valid pin code
2024-08-12 16:19:08,099 [main] INFO CoverFoxInsurence - pincode is selected
2024-08-12 16:19:08,182 [main] WARN CoverFoxInsurence - enter valid moblie no
2024-08-12 16:19:08,182 [main] INFO CoverFoxInsurence - moblile number is selected
2024-08-12 16:19:08,271 [main] INFO CoverFoxInsurence -  click on Continue button
2024-08-12 16:22:39,568 [main] INFO CoverFoxInsurence - opening Browser
2024-08-12 16:22:46,443 [main] INFO CoverFoxInsurence - Click on gender button
2024-08-12 16:22:47,533 [main] INFO CoverFoxInsurence - Click on next button
2024-08-12 16:22:48,708 [main] WARN CoverFoxInsurence - Age shoud be btn 18 to 90
2024-08-12 16:22:48,709 [main] INFO CoverFoxInsurence - Age is selected
2024-08-12 16:22:48,766 [main] INFO CoverFoxInsurence - Click on next button
2024-08-12 16:22:49,897 [main] WARN CoverFoxInsurence - enter valid pin code
2024-08-12 16:22:49,897 [main] INFO CoverFoxInsurence - pincode is selected
2024-08-12 16:22:49,995 [main] WARN CoverFoxInsurence - enter valid moblie no
2024-08-12 16:22:49,995 [main] INFO CoverFoxInsurence - moblile number is selected
2024-08-12 16:22:50,074 [main] INFO CoverFoxInsurence -  click on Continue button
2024-08-12 16:27:33,407 [main] INFO CoverFoxInsurence - opening Browser
2024-08-12 16:27:39,063 [main] INFO CoverFoxInsurence - Click on gender button
2024-08-12 16:27:40,176 [main] INFO CoverFoxInsurence - Click on next button
2024-08-12 16:27:41,397 [main] WARN CoverFoxInsurence - Age shoud be btn 18 to 90
2024-08-12 16:27:41,397 [main] INFO CoverFoxInsurence - Age is selected
2024-08-12 16:27:41,467 [main] INFO CoverFoxInsurence - Click on next button
2024-08-12 16:27:42,618 [main] WARN CoverFoxInsurence - enter valid pin code
2024-08-12 16:27:42,618 [main] INFO CoverFoxInsurence - pincode is selected
2024-08-12 16:27:42,712 [main] WARN CoverFoxInsurence - enter valid moblie no
2024-08-12 16:27:42,713 [main] INFO CoverFoxInsurence - moblile number is selected
2024-08-12 16:27:42,801 [main] INFO CoverFoxInsurence -  click on Continue button
