2024-08-12 15:56:17,123 - CoverFoxInsurence -INFO - opening Browser
2024-08-12 15:56:23,992 - CoverFoxInsurence -INFO - Click on gender button
2024-08-12 15:56:25,169 - CoverFoxInsurence -INFO - Click on next button
2024-08-12 15:56:26,386 - CoverFoxInsurence -WARN - Age shoud be btn 18 to 90
2024-08-12 15:56:26,387 - CoverFoxInsurence -INFO - Age is selected
2024-08-12 15:56:26,492 - CoverFoxInsurence -INFO - Click on next button
2024-08-12 15:56:27,629 - CoverFoxInsurence -WARN - enter valid pin code
2024-08-12 15:56:27,629 - CoverFoxInsurence -INFO - pincode is selected
2024-08-12 15:56:27,727 - CoverFoxInsurence -WARN - enter valid moblie no
2024-08-12 15:56:27,727 - CoverFoxInsurence -INFO - moblile number is selected
2024-08-12 15:56:27,807 - CoverFoxInsurence -INFO -  click on Continue button
2024-08-12 15:56:29,898 - CoverFoxInsurence -INFO - validating banners
2024-08-12 15:56:29,944 - CoverFoxInsurence -INFO - validating presence of sort drop down
2024-08-12 15:56:30,240 - CoverFoxInsurence -INFO - closing browser
2024-08-12 16:06:13,247 - CoverFoxInsurence -INFO - opening Browser
2024-08-12 16:06:20,718 - CoverFoxInsurence -INFO - Click on gender button
2024-08-12 16:06:21,829 - CoverFoxInsurence -INFO - Click on next button
2024-08-12 16:06:22,978 - CoverFoxInsurence -WARN - Age shoud be btn 18 to 90
2024-08-12 16:06:22,978 - CoverFoxInsurence -INFO - Age is selected
2024-08-12 16:06:23,047 - CoverFoxInsurence -INFO - Click on next button
2024-08-12 16:06:24,218 - CoverFoxInsurence -WARN - enter valid pin code
2024-08-12 16:06:24,218 - CoverFoxInsurence -INFO - pincode is selected
2024-08-12 16:06:24,318 - CoverFoxInsurence -WARN - enter valid moblie no
2024-08-12 16:06:24,318 - CoverFoxInsurence -INFO - moblile number is selected
2024-08-12 16:06:24,427 - CoverFoxInsurence -INFO -  click on Continue button
2024-08-12 16:06:26,746 - CoverFoxInsurence -INFO - validating banners
2024-08-12 16:06:27,050 - CoverFoxInsurence -INFO - closing browser
2024-08-12 16:09:17,694 - CoverFoxInsurence -INFO - opening Browser
2024-08-12 16:09:26,501 - CoverFoxInsurence -INFO - Click on gender button
2024-08-12 16:09:27,729 - CoverFoxInsurence -INFO - Click on next button
2024-08-12 16:09:29,001 - CoverFoxInsurence -WARN - Age shoud be btn 18 to 90
2024-08-12 16:09:29,001 - CoverFoxInsurence -INFO - Age is selected
2024-08-12 16:09:29,071 - CoverFoxInsurence -INFO - Click on next button
2024-08-12 16:09:30,446 - CoverFoxInsurence -WARN - enter valid pin code
2024-08-12 16:09:30,446 - CoverFoxInsurence -INFO - pincode is selected
2024-08-12 16:09:30,597 - CoverFoxInsurence -WARN - enter valid moblie no
2024-08-12 16:09:30,597 - CoverFoxInsurence -INFO - moblile number is selected
2024-08-12 16:09:30,727 - CoverFoxInsurence -INFO -  click on Continue button
2024-08-12 16:09:32,907 - CoverFoxInsurence -INFO - validating banners
2024-08-12 16:09:33,237 - CoverFoxInsurence -INFO - closing browser
2024-08-12 16:11:16,589 - CoverFoxInsurence -INFO - opening Browser
2024-08-12 16:11:23,120 - CoverFoxInsurence -INFO - Click on gender button
2024-08-12 16:11:24,247 - CoverFoxInsurence -INFO - Click on next button
2024-08-12 16:11:25,488 - CoverFoxInsurence -WARN - Age shoud be btn 18 to 90
2024-08-12 16:11:25,488 - CoverFoxInsurence -INFO - Age is selected
2024-08-12 16:11:25,571 - CoverFoxInsurence -INFO - Click on next button
2024-08-12 16:11:26,754 - CoverFoxInsurence -WARN - enter valid pin code
2024-08-12 16:11:26,755 - CoverFoxInsurence -INFO - pincode is selected
2024-08-12 16:11:26,847 - CoverFoxInsurence -WARN - enter valid moblie no
2024-08-12 16:11:26,847 - CoverFoxInsurence -INFO - moblile number is selected
2024-08-12 16:11:26,921 - CoverFoxInsurence -INFO -  click on Continue button
2024-08-12 16:11:29,078 - CoverFoxInsurence -INFO - validating banners
2024-08-12 16:11:29,419 - CoverFoxInsurence -INFO - closing browser
2024-08-12 16:15:41,209 - CoverFoxInsurence -INFO - opening Browser
2024-08-12 16:15:48,502 - CoverFoxInsurence -INFO - Click on gender button
2024-08-12 16:15:49,587 - CoverFoxInsurence -INFO - Click on next button
2024-08-12 16:15:50,803 - CoverFoxInsurence -WARN - Age shoud be btn 18 to 90
2024-08-12 16:15:50,803 - CoverFoxInsurence -INFO - Age is selected
2024-08-12 16:15:50,858 - CoverFoxInsurence -INFO - Click on next button
2024-08-12 16:15:51,981 - CoverFoxInsurence -WARN - enter valid pin code
2024-08-12 16:15:51,981 - CoverFoxInsurence -INFO - pincode is selected
2024-08-12 16:15:52,077 - CoverFoxInsurence -WARN - enter valid moblie no
2024-08-12 16:15:52,082 - CoverFoxInsurence -INFO - moblile number is selected
2024-08-12 16:15:52,171 - CoverFoxInsurence -INFO -  click on Continue button
2024-08-12 16:15:54,277 - CoverFoxInsurence -INFO - validating banners
2024-08-12 16:15:54,672 - CoverFoxInsurence -INFO - closing browser
2024-08-12 16:18:57,467 - CoverFoxInsurence -INFO - opening Browser
2024-08-12 16:19:04,573 - CoverFoxInsurence -INFO - Click on gender button
2024-08-12 16:19:05,657 - CoverFoxInsurence -INFO - Click on next button
2024-08-12 16:19:06,856 - CoverFoxInsurence -WARN - Age shoud be btn 18 to 90
2024-08-12 16:19:06,857 - CoverFoxInsurence -INFO - Age is selected
2024-08-12 16:19:06,913 - CoverFoxInsurence -INFO - Click on next button
2024-08-12 16:19:08,099 - CoverFoxInsurence -WARN - enter valid pin code
2024-08-12 16:19:08,099 - CoverFoxInsurence -INFO - pincode is selected
2024-08-12 16:19:08,182 - CoverFoxInsurence -WARN - enter valid moblie no
2024-08-12 16:19:08,182 - CoverFoxInsurence -INFO - moblile number is selected
2024-08-12 16:19:08,271 - CoverFoxInsurence -INFO -  click on Continue button
2024-08-12 16:22:39,568 - CoverFoxInsurence -INFO - opening Browser
2024-08-12 16:22:46,443 - CoverFoxInsurence -INFO - Click on gender button
2024-08-12 16:22:47,533 - CoverFoxInsurence -INFO - Click on next button
2024-08-12 16:22:48,708 - CoverFoxInsurence -WARN - Age shoud be btn 18 to 90
2024-08-12 16:22:48,709 - CoverFoxInsurence -INFO - Age is selected
2024-08-12 16:22:48,766 - CoverFoxInsurence -INFO - Click on next button
2024-08-12 16:22:49,897 - CoverFoxInsurence -WARN - enter valid pin code
2024-08-12 16:22:49,897 - CoverFoxInsurence -INFO - pincode is selected
2024-08-12 16:22:49,995 - CoverFoxInsurence -WARN - enter valid moblie no
2024-08-12 16:22:49,995 - CoverFoxInsurence -INFO - moblile number is selected
2024-08-12 16:22:50,074 - CoverFoxInsurence -INFO -  click on Continue button
2024-08-12 16:27:33,407 - CoverFoxInsurence -INFO - opening Browser
2024-08-12 16:27:39,063 - CoverFoxInsurence -INFO - Click on gender button
2024-08-12 16:27:40,176 - CoverFoxInsurence -INFO - Click on next button
2024-08-12 16:27:41,397 - CoverFoxInsurence -WARN - Age shoud be btn 18 to 90
2024-08-12 16:27:41,397 - CoverFoxInsurence -INFO - Age is selected
2024-08-12 16:27:41,467 - CoverFoxInsurence -INFO - Click on next button
2024-08-12 16:27:42,618 - CoverFoxInsurence -WARN - enter valid pin code
2024-08-12 16:27:42,618 - CoverFoxInsurence -INFO - pincode is selected
2024-08-12 16:27:42,712 - CoverFoxInsurence -WARN - enter valid moblie no
2024-08-12 16:27:42,713 - CoverFoxInsurence -INFO - moblile number is selected
2024-08-12 16:27:42,801 - CoverFoxInsurence -INFO -  click on Continue button
